Jan 31 00:09:39 ubuntu.local ticky: INFO Created ticket [#4217] (mdouglas)
Jan 31 00:16:25 ubuntu.local ticky: INFO Closed ticket [#1754] (noel)
Jan 31 00:21:30 ubuntu.local ticky: ERROR The ticket was modified while updating (breee)
Jan 31 00:44:34 ubuntu.local ticky: ERROR Permission denied while closing ticket (ac)
Jan 31 00:44:34 ubuntu.local ticky: ERROR Permission denied while closing ticket (ac)
Jan 31 01:00:50 ubuntu.local ticky: INFO Commented on ticket [#4709] (blossom)
Jan 31 01:29:16 ubuntu.local ticky: INFO Commented on ticket [#6518] (rr.robinson)
Jan 31 01:33:12 ubuntu.local ticky: ERROR Tried to add information to closed ticket (mcintosh)
Jan 31 01:43:10 ubuntu.local ticky: ERROR Tried to add information to closed ticket (jackowens)
Jan 31 01:49:29 ubuntu.local ticky: ERROR Tried to add information to closed ticket (mdouglas)
Jan 31 02:30:04 ubuntu.local ticky: ERROR Timeout while retrieving information (oren)
Jan 31 02:55:31 ubuntu.local ticky: ERROR Ticket doesn't exist (xlg)
Jan 31 03:05:35 ubuntu.local ticky: ERROR Timeout while retrieving information (ahmed.miller)
Jan 31 03:08:55 ubuntu.local ticky: ERROR Ticket doesn't exist (blossom)
Jan 31 03:39:27 ubuntu.local ticky: ERROR The ticket was modified while updating (bpacheco)
Jan 31 03:47:24 ubuntu.local ticky: ERROR Ticket doesn't exist (enim.non)
Jan 31 04:30:04 ubuntu.local ticky: ERROR Permission denied while closing ticket (rr.robinson)
Jan 31 04:31:49 ubuntu.local ticky: ERROR Tried to add information to closed ticket (oren)
Jan 31 04:32:49 ubuntu.local ticky: ERROR Timeout while retrieving information (mcintosh)
Jan 31 04:44:23 ubuntu.local ticky: ERROR Timeout while retrieving information (ahmed.miller)
Jan 31 04:44:46 ubuntu.local ticky: ERROR Connection to DB failed (jackowens)
Jan 31 04:49:28 ubuntu.local ticky: ERROR Permission denied while closing ticket (flavia)
Jan 31 05:12:39 ubuntu.local ticky: ERROR Tried to add information to closed ticket (oren)
Jan 31 05:18:45 ubuntu.local ticky: ERROR Tried to add information to closed ticket (sri)
Jan 31 05:23:14 ubuntu.local ticky: INFO Commented on ticket [#1097] (breee)
Jan 31 05:35:00 ubuntu.local ticky: ERROR Connection to DB failed (nonummy)
Jan 31 05:45:30 ubuntu.local ticky: INFO Created ticket [#7115] (noel)
Jan 31 05:51:30 ubuntu.local ticky: ERROR The ticket was modified while updating (flavia)
Jan 31 05:57:46 ubuntu.local ticky: INFO Commented on ticket [#2253] (nonummy)
Jan 31 06:12:02 ubuntu.local ticky: ERROR Connection to DB failed (oren)
Jan 31 06:26:38 ubuntu.local ticky: ERROR Timeout while retrieving information (xlg)
Jan 31 06:32:26 ubuntu.local ticky: INFO Created ticket [#7298] (ahmed.miller)
Jan 31 06:36:25 ubuntu.local ticky: ERROR Timeout while retrieving information (flavia)
Jan 31 06:57:00 ubuntu.local ticky: ERROR Connection to DB failed (jackowens)
Jan 31 06:59:57 ubuntu.local ticky: INFO Commented on ticket [#7255] (oren)
Jan 31 07:59:56 ubuntu.local ticky: ERROR Ticket doesn't exist (flavia)
Jan 31 08:01:40 ubuntu.local ticky: ERROR Tried to add information to closed ticket (jackowens)
Jan 31 08:03:19 ubuntu.local ticky: INFO Closed ticket [#1712] (britanni)
Jan 31 08:22:37 ubuntu.local ticky: INFO Created ticket [#2860] (mcintosh)

